2023-02-17 11:45:08,290 - gma2-msc - INFO - Entering program
2023-02-17 11:46:07,561 - gma2-msc - INFO - Entering program
2023-02-17 11:46:07,797 - gma2-msc - INFO - Entering main loop. Press Control-C to exit.
2023-02-17 11:46:17,046 - gma2-msc - DEBUG - ['f0', '7f', '0', '2', '1', '1', '30', '2e', '32', '30', '30', 'f7']
2023-02-17 11:46:17,058 - gma2-msc - INFO - 0.2
2023-02-17 11:46:18,150 - gma2-msc - DEBUG - ['f0', '7f', '0', '2', '1', '4', '0', '0', '0', '0', '0', '30', '2e', '31', '30', '30', 'f7']
2023-02-17 11:46:18,150 - gma2-msc - INFO - 0.1
2023-02-17 11:47:43,788 - gma2-msc - DEBUG - ['f0', '7f', '0', '2', '1', '1', '30', '2e', '32', '30', '30', 'f7']
2023-02-17 11:47:43,789 - gma2-msc - INFO - 0.2
2023-02-17 11:47:44,295 - gma2-msc - DEBUG - ['f0', '7f', '0', '2', '1', '4', '0', '0', '0', '0', '0', '30', '2e', '31', '30', '30', 'f7']
2023-02-17 11:47:44,296 - gma2-msc - INFO - 0.1
2023-02-17 12:51:48,264 - gma2-msc - INFO - Entering program
2023-02-17 12:51:48,376 - gma2-msc - INFO - Entering main loop. Press Control-C to exit.
2023-02-17 12:51:53,085 - gma2-msc - DEBUG - ['f0', '7f', '0', '2', '1', '1', '30', '2e', '32', '30', '30', 'f7']
2023-02-17 12:51:53,087 - gma2-msc - INFO - 0.2
2023-02-17 12:51:53,941 - gma2-msc - DEBUG - ['f0', '7f', '0', '2', '1', '4', '0', '0', '0', '0', '0', '30', '2e', '31', '30', '30', 'f7']
2023-02-17 12:51:53,943 - gma2-msc - INFO - 0.1
2023-02-17 12:55:40,388 - gma2-msc - INFO - Entering program
2023-02-17 12:55:40,700 - gma2-msc - INFO - Entering main loop. Press Control-C to exit.
2023-02-17 12:55:57,614 - gma2-msc - DEBUG - ['f0', '7f', '0', '2', '1', '1', '30', '2e', '32', '30', '30', 'f7']
2023-02-17 12:55:57,616 - gma2-msc - INFO - 0.2
2023-02-17 12:56:01,051 - gma2-msc - DEBUG - ['f0', '7f', '0', '2', '1', '4', '0', '0', '0', '0', '0', '30', '2e', '31', '30', '30', 'f7']
2023-02-17 12:56:01,052 - gma2-msc - INFO - 0.1
2023-02-17 14:34:49,231 - gma2-msc - INFO - Entering program
2023-02-17 14:34:49,535 - gma2-msc - INFO - Entering main loop. Press Control-C to exit.
2023-02-17 14:34:54,234 - gma2-msc - DEBUG - ['f0', '7f', '0', '2', '1', '1', '30', '2e', '32', '30', '30', 'f7']
2023-02-17 14:34:54,235 - gma2-msc - INFO - 0.2
2023-02-17 14:34:57,556 - gma2-msc - DEBUG - ['f0', '7f', '0', '2', '1', '4', '0', '0', '0', '0', '0', '30', '2e', '31', '30', '30', 'f7']
2023-02-17 14:34:57,557 - gma2-msc - INFO - 0.1
